0 info it worked if it ends with ok
1 verbose cli [ '/usr/local/bin/node', '/usr/local/bin/npm', 'publish' ]
2 info using npm@1.4.28
3 info using node@v0.10.39
4 verbose node symlink /usr/local/bin/node
5 verbose publish [ '.' ]
6 verbose cache add [ '.', null ]
7 verbose cache add name=undefined spec="." args=[".",null]
8 verbose parsed url { protocol: null,
8 verbose parsed url   slashes: null,
8 verbose parsed url   auth: null,
8 verbose parsed url   host: null,
8 verbose parsed url   port: null,
8 verbose parsed url   hostname: null,
8 verbose parsed url   hash: null,
8 verbose parsed url   search: null,
8 verbose parsed url   query: null,
8 verbose parsed url   pathname: '.',
8 verbose parsed url   path: '.',
8 verbose parsed url   href: '.' }
9 silly lockFile 3a52ce78- .
10 verbose lock . /Users/arkel/.npm/3a52ce78-.lock
11 verbose tar pack [ '/Users/arkel/.npm/jscs-test-config/0.1.0/package.tgz', '.' ]
12 verbose tarball /Users/arkel/.npm/jscs-test-config/0.1.0/package.tgz
13 verbose folder .
14 info prepublish jscs-test-config@0.1.0
15 silly lockFile 1f1177db-tar tar://.
16 verbose lock tar://. /Users/arkel/.npm/1f1177db-tar.lock
17 silly lockFile 4153be22-cs-test-config-0-1-0-package-tgz tar:///Users/arkel/.npm/jscs-test-config/0.1.0/package.tgz
18 verbose lock tar:///Users/arkel/.npm/jscs-test-config/0.1.0/package.tgz /Users/arkel/.npm/4153be22-cs-test-config-0-1-0-package-tgz.lock
19 silly lockFile 1f1177db-tar tar://.
20 silly lockFile 1f1177db-tar tar://.
21 silly lockFile 4153be22-cs-test-config-0-1-0-package-tgz tar:///Users/arkel/.npm/jscs-test-config/0.1.0/package.tgz
22 silly lockFile 4153be22-cs-test-config-0-1-0-package-tgz tar:///Users/arkel/.npm/jscs-test-config/0.1.0/package.tgz
23 silly lockFile fe312c00-m-jscs-test-config-0-1-0-package /Users/arkel/.npm/jscs-test-config/0.1.0/package
24 verbose lock /Users/arkel/.npm/jscs-test-config/0.1.0/package /Users/arkel/.npm/fe312c00-m-jscs-test-config-0-1-0-package.lock
25 silly lockFile fe312c00-m-jscs-test-config-0-1-0-package /Users/arkel/.npm/jscs-test-config/0.1.0/package
26 silly lockFile fe312c00-m-jscs-test-config-0-1-0-package /Users/arkel/.npm/jscs-test-config/0.1.0/package
27 silly lockFile 3a52ce78- .
28 silly lockFile 3a52ce78- .
29 silly publish { name: 'jscs-test-config',
29 silly publish   version: '0.1.0',
29 silly publish   license: 'MIT',
29 silly publish   repository:
29 silly publish    { type: 'git',
29 silly publish      url: 'https://github.com/markelog/jscs-test-config' },
29 silly publish   main: '.jscs.json',
29 silly publish   engines: { node: '>=0.10.0' },
29 silly publish   dependencies: { jscs: '^2.0.0' },
29 silly publish   gitHead: '2c779bd4eaa95b36889fc1bf3ae325e9ef772471',
29 silly publish   bugs: { url: 'https://github.com/markelog/jscs-test-config/issues' },
29 silly publish   readme: 'ERROR: No README data found!',
29 silly publish   homepage: 'https://github.com/markelog/jscs-test-config',
29 silly publish   _id: 'jscs-test-config@0.1.0',
29 silly publish   scripts: {},
29 silly publish   _shasum: '8600e56d642f8de755429458393a375bdcf9e399',
29 silly publish   _from: '.' }
30 error need auth auth and email required for publishing
30 error need auth You need to authorize this machine using `npm adduser`
31 error System Darwin 14.5.0
32 error command "/usr/local/bin/node" "/usr/local/bin/npm" "publish"
33 error cwd /Users/arkel/Workspace/tmp
34 error node -v v0.10.39
35 error npm -v 1.4.28
36 error code ENEEDAUTH
37 verbose exit [ 1, true ]
